<?xml version="1.0" encoding="UTF-8" ?>
<testsuite failures="0" time="0.179" errors="0" skipped="0" tests="6" name="demo.sdmxsource.test.webservice.builder.TestBuilders">
  <properties>
[...]
</properties>
  <testcase time="0.142" classname="demo.sdmxsource.test.webservice.builder.TestBuilders" name="testBuildDataFlow"/>
  <testcase time="0.01" classname="demo.sdmxsource.test.webservice.builder.TestBuilders" name="testBuildIndicatorCodelist"/>
  <testcase time="0.001" classname="demo.sdmxsource.test.webservice.builder.TestBuilders" name="testBuildCountryCodelist"/>
  <testcase time="0" classname="demo.sdmxsource.test.webservice.builder.TestBuilders" name="testBuildConceptScheme"/>
  <testcase time="0" classname="demo.sdmxsource.test.webservice.builder.TestBuilders" name="testBuildDataStructure"/>
  <testcase time="0.003" classname="demo.sdmxsource.test.webservice.builder.TestBuilders" name="testBuildAgencyScheme"/>
</testsuite>